Run started on Wed Apr 12 23:41:51 2023

Hostname: csx3.cs.ucalgary.ca

-------------------------------------------------------------------------------
Running make |
--------------

% /usr/bin/make

STDOUT:
make: 'golf' is up to date.


STDERR:


RETURN CODE: 0

-------------------------------------------------------------------------------
Locating GoLF compiler |
------------------------

Compiler will be run as ./golf

-------------------------------------------------------------------------------
Test: too few arguments |
-------------------------

% ./golf

STDOUT:


STDERR:
Too few arguments. Usage ./golf <filename>


RETURN CODE: 1

-------------------------------------------------------------------------------
Test: too many arguments |
--------------------------

% ./golf /dev/null /dev/zero

STDOUT:


STDERR:
Too many arguments. Usage ./golf <filename>


RETURN CODE: 1

-------------------------------------------------------------------------------
Test: nonexistent file |
------------------------

% ./golf /i/do/not/exist

STDOUT:


STDERR:
Could not open file!


RETURN CODE: 1

-------------------------------------------------------------------------------
Test: hello, world |
--------------------

% ./golf /home/profs/aycock/411/TEST/final/gen.t1 > out.s

STDERR:


RETURN CODE: 0

% /home/profs/aycock/411/bin/spim -file out.s

STDOUT:
Loaded: /home/profs/aycock/411/sw/share/spim/exceptions.s
Hello, world!


STDERR:


RETURN CODE: 0

-------------------------------------------------------------------------------
Test: var init in loop block |
------------------------------

% ./golf /home/profs/aycock/411/TEST/final/gen.t2 > out.s

STDERR:


RETURN CODE: 0

% /home/profs/aycock/411/bin/spim -file out.s

STDOUT:
Loaded: /home/profs/aycock/411/sw/share/spim/exceptions.s
start of loop
0
start of loop
0
start of loop
0
start of loop
0
4


STDERR:


RETURN CODE: 0

-------------------------------------------------------------------------------
Test: zero values |
-------------------

% ./golf /home/profs/aycock/411/TEST/final/gen.t3 > out.s

STDERR:


RETURN CODE: 0

% /home/profs/aycock/411/bin/spim -file out.s

STDOUT:
Loaded: /home/profs/aycock/411/sw/share/spim/exceptions.s
global zero values: 
false
0

local zero values: 
false
0

local zero values: 
false
0

sub-block zero values: 
false
0

sub-block zero values: 
false
0

post-sub-block zero values: 
true
123
garble


STDERR:


RETURN CODE: 0

-------------------------------------------------------------------------------
Test: nested function calls |
-----------------------------

% ./golf /home/profs/aycock/411/TEST/final/gen.t4 > out.s

STDERR:


RETURN CODE: 0

% /home/profs/aycock/411/bin/spim -file out.s

STDOUT:
Loaded: /home/profs/aycock/411/sw/share/spim/exceptions.s
2903040


STDERR:


RETURN CODE: 0

-------------------------------------------------------------------------------
Test: recursive Fibonacci |
---------------------------

% ./golf /home/profs/aycock/411/TEST/final/gen.t5 > out.s

STDERR:


RETURN CODE: 0

% /home/profs/aycock/411/bin/spim -file out.s

*** TERMINATION VIA TIMEOUT

-------------------------------------------------------------------------------
Test: iterative Fibonacci |
---------------------------

% ./golf /home/profs/aycock/411/TEST/final/gen.t6 > out.s

STDERR:


RETURN CODE: 0

% /home/profs/aycock/411/bin/spim -file out.s

STDOUT:
Loaded: /home/profs/aycock/411/sw/share/spim/exceptions.s
fib(0) = 0
fib(1) = 1
fib(2) = 1
fib(3) = 2
fib(4) = 3
fib(5) = 5
fib(6) = 8
fib(7) = 13
fib(8) = 21
fib(9) = 34
fib(10) = 55
fib(11) = 89
fib(12) = 144
fib(13) = 233
fib(14) = 377
fib(15) = 610
fib(16) = 987
fib(17) = 1597
fib(18) = 2584
fib(19) = 4181
fib(20) = 6765
fib(21) = 10946
fib(22) = 17711
fib(23) = 28657
fib(24) = 46368
fib(25) = 75025
fib(26) = 121393
fib(27) = 196418
fib(28) = 317811
fib(29) = 514229
fib(30) = 832040
fib(31) = 1346269
fib(32) = 2178309
fib(33) = 3524578
fib(34) = 5702887
fib(35) = 9227465
fib(36) = 14930352
fib(37) = 24157817
fib(38) = 39088169
fib(39) = 63245986
fib(40) = 102334155
fib(41) = 165580141
fib(42) = 267914296
fib(43) = 433494437
fib(44) = 701408733
fib(45) = 1134903170
fib(46) = 1836311903


STDERR:


RETURN CODE: 0

-------------------------------------------------------------------------------
Test: string reversal |
-----------------------

% ./golf /home/profs/aycock/411/TEST/final/gen.t7 > out.s

STDERR:
warning: skipping unknown character `\r` at or near line 1
warning: skipping unknown character `\r` at or near line 2
warning: skipping unknown character `\r` at or near line 3
warning: skipping unknown character `\r` at or near line 4
warning: skipping unknown character `\r` at or near line 5
warning: skipping unknown character `\r` at or near line 6
warning: skipping unknown character `\r` at or near line 7
warning: skipping unknown character `\r` at or near line 8
warning: skipping unknown character `\r` at or near line 9
warning: skipping unknown character `\r` at or near line 10
error: too many warnings at or near line 11
error: too many warnings at or near line 12
error: too many warnings at or near line 13
error: too many warnings at or near line 14
error: too many warnings at or near line 15
error: too many warnings at or near line 16


RETURN CODE: 0

% /home/profs/aycock/411/bin/spim -file out.s < /home/profs/aycock/411/TEST/final/input/gen.t7.in

STDIN:
A man, a plan, a canal: Panama.


STDOUT:
Loaded: /home/profs/aycock/411/sw/share/spim/exceptions.s
.amanaP :lanac a ,nalp a ,nam A

STDERR:


RETURN CODE: 0

-------------------------------------------------------------------------------
Test: hunting minint |
----------------------

% ./golf /home/profs/aycock/411/TEST/final/gen.t8 > out.s

STDERR:


RETURN CODE: 0

% /home/profs/aycock/411/bin/spim -file out.s

*** TERMINATION VIA TIMEOUT

-------------------------------------------------------------------------------
Test: negating minint |
-----------------------

% ./golf /home/profs/aycock/411/TEST/final/gen.t9 > out.s

STDERR:
warning: skipping unknown character `\r` at or near line 1
warning: skipping unknown character `\r` at or near line 2
warning: skipping unknown character `\r` at or near line 3
warning: skipping unknown character `\r` at or near line 4
warning: skipping unknown character `\r` at or near line 5
warning: skipping unknown character `\r` at or near line 6
warning: skipping unknown character `\r` at or near line 8
warning: skipping unknown character `\r` at or near line 9
warning: skipping unknown character `\r` at or near line 10


RETURN CODE: 0

% /home/profs/aycock/411/bin/spim -file out.s

STDOUT:
Loaded: /home/profs/aycock/411/sw/share/spim/exceptions.s
-123
  Exception 12  [Arithmetic overflow]  occurred and ignored
-2147483648
  Exception 12  [Arithmetic overflow]  occurred and ignored
  Exception 12  [Arithmetic overflow]  occurred and ignored
-2147483648
  Exception 12  [Arithmetic overflow]  occurred and ignored
  Exception 12  [Arithmetic overflow]  occurred and ignored
  Exception 12  [Arithmetic overflow]  occurred and ignored
-2147483648


STDERR:
Exception occurred at PC=0x004000a0
  Arithmetic overflow
Exception occurred at PC=0x004000c4
  Arithmetic overflow
Exception occurred at PC=0x004000c8
  Arithmetic overflow
Exception occurred at PC=0x004000ec
  Arithmetic overflow
Exception occurred at PC=0x004000f0
  Arithmetic overflow
Exception occurred at PC=0x004000f4
  Arithmetic overflow


RETURN CODE: 0

-------------------------------------------------------------------------------
Test: minint div and mod |
--------------------------

% ./golf /home/profs/aycock/411/TEST/final/gen.t10 > out.s

STDERR:


RETURN CODE: 0

% /home/profs/aycock/411/bin/spim -file out.s

STDOUT:
Loaded: /home/profs/aycock/411/sw/share/spim/exceptions.s
  Exception 12  [Arithmetic overflow]  occurred and ignored
0
  Exception 12  [Arithmetic overflow]  occurred and ignored
0


STDERR:
Exception occurred at PC=0x0040003c
  Arithmetic overflow
Exception occurred at PC=0x004000a0
  Arithmetic overflow


RETURN CODE: 0

-------------------------------------------------------------------------------
Test: division by zero |
------------------------

% ./golf /home/profs/aycock/411/TEST/final/gen.t11 > out.s

STDERR:
warning: skipping unknown character `\r` at or near line 1
warning: skipping unknown character `\r` at or near line 2
warning: skipping unknown character `\r` at or near line 3
warning: skipping unknown character `\r` at or near line 4


RETURN CODE: 0

% /home/profs/aycock/411/bin/spim -file out.s

STDOUT:
Loaded: /home/profs/aycock/411/sw/share/spim/exceptions.s
0


STDERR:


RETURN CODE: 0

-------------------------------------------------------------------------------
Test: basic Booleans |
----------------------

% ./golf /home/profs/aycock/411/TEST/final/gen.t12 > out.s

STDERR:


RETURN CODE: 0

% /home/profs/aycock/411/bin/spim -file out.s

STDOUT:
Loaded: /home/profs/aycock/411/sw/share/spim/exceptions.s
OK


STDERR:


RETURN CODE: 0

-------------------------------------------------------------------------------
Test: string escapes |
----------------------

% ./golf /home/profs/aycock/411/TEST/final/gen.t13 > out.s

STDERR:


RETURN CODE: 0

% /home/profs/aycock/411/bin/spim -file out.s

STDOUT:
Loaded: /home/profs/aycock/411/sw/share/spim/exceptions.s
backslash b = []
backslash t = [	]
backslash n = [
]
backslash f = []
backslash r = [
]
backslash quote = ["]
backslash backslash = [\]


STDERR:


RETURN CODE: 0

-------------------------------------------------------------------------------
Test: all your base are belong to us |
--------------------------------------

% ./golf /home/profs/aycock/411/TEST/final/gen.t14 > out.s

STDERR:


RETURN CODE: 0

% /home/profs/aycock/411/bin/spim -file out.s

STDOUT:
Loaded: /home/profs/aycock/411/sw/share/spim/exceptions.s
0 = 
	00 (base 2)
	00 (base 8)
	00 (base 10)
17 = 
	022 (base 2)
	088 (base 8)
	01010 (base 10)
42 = 
	022 (base 2)
	088 (base 8)
	01010 (base 10)


STDERR:


RETURN CODE: 0

-------------------------------------------------------------------------------
Test: short-circuiting |
------------------------

% ./golf /home/profs/aycock/411/TEST/final/gen.t15 > out.s

STDERR:


RETURN CODE: 0

% /home/profs/aycock/411/bin/spim -file out.s

STDOUT:
Loaded: /home/profs/aycock/411/sw/share/spim/exceptions.s
if ((A && B) || C) {...} else {...}, with A=false B=false C=false
evaluated A
else-part executed

if ((A && B) || C) {...} else {...}, with A=true B=false C=false
evaluated A
evaluated B
else-part executed

if ((A && B) || C) {...} else {...}, with A=false B=true C=false
evaluated A
else-part executed

if ((A && B) || C) {...} else {...}, with A=true B=true C=false
evaluated A
evaluated B
if-part executed
else-part executed

if ((A && B) || C) {...} else {...}, with A=false B=false C=true
evaluated A
else-part executed

if ((A && B) || C) {...} else {...}, with A=true B=false C=true
evaluated A
evaluated B
else-part executed

if ((A && B) || C) {...} else {...}, with A=false B=true C=true
evaluated A
else-part executed

if ((A && B) || C) {...} else {...}, with A=true B=true C=true
evaluated A
evaluated B
if-part executed
else-part executed

x = (A && !B) || C, with A=false B=false C=false
evaluated A
evaluated C
x=false

x = (A && !B) || C, with A=true B=false C=false
evaluated A
evaluated B
x=true

x = (A && !B) || C, with A=false B=true C=false
evaluated A
evaluated C
x=false

x = (A && !B) || C, with A=true B=true C=false
evaluated A
evaluated B
evaluated C
x=false

x = (A && !B) || C, with A=false B=false C=true
evaluated A
evaluated C
x=true

x = (A && !B) || C, with A=true B=false C=true
evaluated A
evaluated B
x=true

x = (A && !B) || C, with A=false B=true C=true
evaluated A
evaluated C
x=true

x = (A && !B) || C, with A=true B=true C=true
evaluated A
evaluated B
evaluated C
x=true


STDERR:


RETURN CODE: 0

-------------------------------------------------------------------------------
Test: dynamic semantic check |
------------------------------

% ./golf /home/profs/aycock/411/TEST/final/gen.t16 > out.s

STDERR:


RETURN CODE: 0

% /home/profs/aycock/411/bin/spim -file out.s

STDOUT:
Loaded: /home/profs/aycock/411/sw/share/spim/exceptions.s


STDERR:


RETURN CODE: 0

-------------------------------------------------------------------------------
Test: less obvious division by zero |
-------------------------------------

% ./golf /home/profs/aycock/411/TEST/final/gen.t17 > out.s

STDERR:


RETURN CODE: 0

% /home/profs/aycock/411/bin/spim -file out.s

STDOUT:
Loaded: /home/profs/aycock/411/sw/share/spim/exceptions.s
0

STDERR:


RETURN CODE: 0

-------------------------------------------------------------------------------
Test: recursive-descent calculator |
------------------------------------

% ./golf /home/profs/aycock/411/TEST/final/gen.t18 > out.s

STDERR:
error: lookup: cannot find `halt` defined


RETURN CODE: 1

(GoLF compiler unsuccessful, skipping test)

-------------------------------------------------------------------------------
Test: string operations |
-------------------------

% ./golf /home/profs/aycock/411/TEST/final/gen.t19 > out.s

STDERR:
error: lookup: cannot find `len` defined


RETURN CODE: 1

(GoLF compiler unsuccessful, skipping test)

-------------------------------------------------------------------------------
Test: redefining built-ins |
----------------------------

% ./golf /home/profs/aycock/411/TEST/final/gen.t20 > out.s

STDERR:
error: lookup: cannot find `len` defined


RETURN CODE: 1

(GoLF compiler unsuccessful, skipping test)

-------------------------------------------------------------------------------
Test: register blow-out |
-------------------------

% ./golf /home/profs/aycock/411/TEST/final/gen.t21 > out.s

STDERR:


RETURN CODE: 0

% /home/profs/aycock/411/bin/spim -file out.s

STDOUT:
Loaded: /home/profs/aycock/411/sw/share/spim/exceptions.s
903

STDERR:


RETURN CODE: 0

-------------------------------------------------------------------------------
Test: nested "for" loops |
--------------------------

% ./golf /home/profs/aycock/411/TEST/final/gen.t22 > out.s

STDERR:


RETURN CODE: 0

% /home/profs/aycock/411/bin/spim -file out.s

STDOUT:
Loaded: /home/profs/aycock/411/sw/share/spim/exceptions.s
0
100 101 102 103 104 105 
1
100 101 102 103 104 105 
2
100 101 102 103 104 105 
3
100 101 102 103 104 105 
4
100 101 102 103 104 105 
5
100 101 102 103 104 105 


STDERR:


RETURN CODE: 0

-------------------------------------------------------------------------------
Test: EOF and scope |
---------------------

% ./golf /home/profs/aycock/411/TEST/final/gen.t23 > out.s

STDERR:


RETURN CODE: 0

% /home/profs/aycock/411/bin/spim -file out.s < /home/profs/aycock/411/TEST/final/input/gen.t23.in

STDIN:
The quick brown fox jumps over the lazy dog.


STDOUT:
Loaded: /home/profs/aycock/411/sw/share/spim/exceptions.s
The quick brown fox jumps over the lazy dog.

END


STDERR:


RETURN CODE: 0

-------------------------------------------------------------------------------
Test: banners |
---------------

% ./golf /home/profs/aycock/411/TEST/final/gen.t24 > out.s

STDERR:
error: lookup: cannot find `len` defined


RETURN CODE: 1

(GoLF compiler unsuccessful, skipping test)

-------------------------------------------------------------------------------
Test: div and mod table |
-------------------------

% ./golf /home/profs/aycock/411/TEST/final/gen.t25 > out.s

STDERR:


RETURN CODE: 0

% /home/profs/aycock/411/bin/spim -file out.s

STDOUT:
Loaded: /home/profs/aycock/411/sw/share/spim/exceptions.s
x	y	x / y	x % y
3	5	0	3
3	-5	0	3
-3	5	0	-3
-3	-5	0	-3


STDERR:


RETURN CODE: 0

-------------------------------------------------------------------------------
Test: basic maze generation from Entombed (1982) |
--------------------------------------------------

% ./golf /home/profs/aycock/411/TEST/final/gen.entombed > out.s

STDERR:


RETURN CODE: 0

% /home/profs/aycock/411/bin/spim -file out.s

STDOUT:
Loaded: /home/profs/aycock/411/sw/share/spim/exceptions.s
XX  XX                                  XX  XX  
XX  XX  XX  XX  XX    XX  XX  XX      XX  XX  XX    XX  XX  XX  XX  XX  
XX  XX      XX      XX          XX      XX      XX  XX  
XX  XX  XX  XX  XX  XX    XX    XX  XX    XX    XX  XX  XX  XX  XX  XX  
XX  XX    XX        XX    XX  XX    XX        XX    XX  XX  
XX  XX  XX  XX  XX    XX  XX    XX  XX    XX  XX    XX  XX  XX  XX  XX  
XX  XX    XX      XX      XX  XX      XX      XX    XX  XX  
XX  XX  XX  XX    XX  XX    XX  XX  XX  XX    XX  XX    XX  XX  XX  XX  
XX  XX  XX      XX                  XX      XX  XX  XX  
XX  XX  XX  XX    XX    XX  XX  XX  XX  XX  XX    XX    XX  XX  XX  XX  
XX  XX  XX      XX                  XX      XX  XX  XX  
XX  XX  XX  XX    XX    XX  XX      XX  XX    XX    XX  XX  XX  XX  
XX  XX  XX      XX      XX      XX      XX      XX  XX  XX  
XX  XX  XX    XX  XX    XX  XX      XX  XX    XX  XX    XX  XX  XX  
XX  XX  XX    XX        XX      XX        XX    XX  XX  XX  
XX  XX  XX    XX    XX  XX  XX  XX  XX  XX  XX  XX    XX    XX  XX  XX  
XX  XX  XX    XX    XX              XX    XX    XX  XX  XX  
XX  XX  XX    XX    XX    XX  XX  XX  XX    XX    XX    XX  XX  XX  
XX  XX  XX    XX    XX    XX      XX    XX    XX    XX  XX  XX  
XX  XX  XX    XX    XX    XX      XX    XX    XX    XX  XX  XX  
XX  XX  XX    XX    XX    XX      XX    XX    XX    XX  XX  XX  
XX  XX  XX    XX    XX    XX      XX    XX    XX    XX  XX  XX  
XX  XX  XX    XX    XX    XX  XX  XX  XX    XX    XX    XX  XX  XX  
XX  XX  XX    XX    XX              XX    XX    XX  XX  XX  
XX  XX  XX    XX    XX  XX    XX  XX    XX  XX    XX    XX  XX  XX  
XX  XX  XX    XX      XX    XX  XX    XX      XX    XX  XX  XX  
XX  XX  XX    XX  XX    XX    XX  XX    XX    XX  XX    XX  XX  XX  
XX  XX  XX    XX      XX    XX  XX    XX      XX    XX  XX  XX  
XX  XX  XX    XX    XX  XX    XX  XX    XX  XX    XX    XX  XX  XX  
XX  XX  XX    XX      XX    XX  XX    XX      XX    XX  XX  XX  
XX  XX  XX    XX  XX    XX    XX  XX    XX    XX  XX    XX  XX  XX  
XX  XX  XX    XX      XX    XX  XX    XX      XX    XX  XX  XX  
XX  XX  XX    XX  XX    XX    XX  XX    XX    XX  XX    XX  XX  XX  
XX  XX  XX          XX    XX  XX    XX          XX  XX  XX  
XX  XX  XX  XX  XX    XX  XX    XX  XX    XX  XX    XX  XX  XX  XX  XX  
XX  XX    XX        XX    XX  XX    XX        XX    XX  XX  
XX  XX  XX  XX  XX    XX  XX    XX  XX    XX  XX    XX  XX  XX  XX  XX  
XX  XX    XX      XX      XX  XX      XX      XX    XX  XX  
XX  XX  XX  XX    XX  XX    XX  XX  XX  XX    XX  XX    XX  XX  XX  XX  
XX  XX  XX      XX                  XX      XX  XX  XX  


STDERR:


RETURN CODE: 0

-------------------------------------------------------------------------------
Test: the Game of Life |
------------------------

% ./golf /home/profs/aycock/411/TEST/final/gen.life > out.s

STDERR:


RETURN CODE: 0

% /home/profs/aycock/411/bin/spim -file out.s

*** TERMINATION VIA TIMEOUT

-------------------------------------------------------------------------------
Test: selection sort |
----------------------

% ./golf /home/profs/aycock/411/TEST/final/gen.select > out.s

STDERR:


RETURN CODE: 0

% /home/profs/aycock/411/bin/spim -file out.s

*** TERMINATION VIA TIMEOUT

-------------------------------------------------------------------------------
Test: prime number sieve |
--------------------------

% ./golf /home/profs/aycock/411/TEST/final/gen.sieve > out.s

STDERR:


RETURN CODE: 0

% /home/profs/aycock/411/bin/spim -file out.s

STDOUT:
Loaded: /home/profs/aycock/411/sw/share/spim/exceptions.s
2
3
5
7
11
13
17
19
23
29
31
37
41
43
47
53
59
61
67
71
73
79
83
89
97
25 prime numbers <= 100


STDERR:


RETURN CODE: 0

Run ended on Wed Apr 12 23:42:25 2023

